action: py38, msg: getenv
cwd: /Users/hamishgibbs/Documents/productivity/fbutils_py
cmd: /Users/hamishgibbs/Documents/productivity/fbutils_py/.tox/py38/bin/python -m pip install pytest pyquadkey2 shapely
Collecting pytest
  Using cached pytest-6.1.2-py3-none-any.whl (272 kB)
Processing /Users/hamishgibbs/Library/Caches/pip/wheels/12/86/e3/8e3dc01b588e0a07687688d43df7f465789b61ed6f406b24e2/pyquadkey2-0.2.0-cp38-cp38-macosx_10_9_x86_64.whl
Collecting shapely
  Using cached Shapely-1.7.1-cp38-cp38-macosx_10_9_x86_64.whl (1.0 MB)
Collecting toml
  Using cached toml-0.10.2-py2.py3-none-any.whl (16 kB)
Collecting attrs>=17.4.0
  Using cached attrs-20.3.0-py2.py3-none-any.whl (49 kB)
Collecting py>=1.8.2
  Using cached py-1.9.0-py2.py3-none-any.whl (99 kB)
Collecting iniconfig
  Using cached iniconfig-1.1.1-py2.py3-none-any.whl (5.0 kB)
Collecting packaging
  Using cached packaging-20.4-py2.py3-none-any.whl (37 kB)
Collecting pluggy<1.0,>=0.12
  Using cached pluggy-0.13.1-py2.py3-none-any.whl (18 kB)
Collecting six
  Using cached six-1.15.0-py2.py3-none-any.whl (10 kB)
Collecting pyparsing>=2.0.2
  Using cached pyparsing-2.4.7-py2.py3-none-any.whl (67 kB)
Installing collected packages: toml, attrs, py, iniconfig, six, pyparsing, packaging, pluggy, pytest, pyquadkey2, shapely
Successfully installed attrs-20.3.0 iniconfig-1.1.1 packaging-20.4 pluggy-0.13.1 py-1.9.0 pyparsing-2.4.7 pyquadkey2-0.2.0 pytest-6.1.2 shapely-1.7.1 six-1.15.0 toml-0.10.2
WARNING: You are using pip version 20.1.1; however, version 20.2.4 is available.
You should consider upgrading via the '/Users/hamishgibbs/Documents/productivity/fbutils_py/.tox/py38/bin/python -m pip install --upgrade pip' command.
