action: GLOB, msg: packaging
cwd: /Users/hamishgibbs/Documents/productivity/fbutils_py
cmd: /Users/hamishgibbs/anaconda3/bin/python setup.py sdist --formats=zip --dist-dir .tox/dist
running sdist
running egg_info
writing fbutils.egg-info/PKG-INFO
writing dependency_links to fbutils.egg-info/dependency_links.txt
writing requirements to fbutils.egg-info/requires.txt
writing top-level names to fbutils.egg-info/top_level.txt
reading manifest file 'fbutils.egg-info/SOURCES.txt'
writing manifest file 'fbutils.egg-info/SOURCES.txt'
warning: sdist: standard file not found: should have one of README, README.rst, README.txt, README.md

running check
creating fbutils-0.0.1
creating fbutils-0.0.1/fbutils.egg-info
copying files to fbutils-0.0.1...
copying main.py -> fbutils-0.0.1
copying quadkey.py -> fbutils-0.0.1
copying setup.py -> fbutils-0.0.1
copying fbutils.egg-info/PKG-INFO -> fbutils-0.0.1/fbutils.egg-info
copying fbutils.egg-info/SOURCES.txt -> fbutils-0.0.1/fbutils.egg-info
copying fbutils.egg-info/dependency_links.txt -> fbutils-0.0.1/fbutils.egg-info
copying fbutils.egg-info/requires.txt -> fbutils-0.0.1/fbutils.egg-info
copying fbutils.egg-info/top_level.txt -> fbutils-0.0.1/fbutils.egg-info
Writing fbutils-0.0.1/setup.cfg
creating '.tox/dist/fbutils-0.0.1.zip' and adding 'fbutils-0.0.1' to it
adding 'fbutils-0.0.1'
adding 'fbutils-0.0.1/fbutils.egg-info'
adding 'fbutils-0.0.1/PKG-INFO'
adding 'fbutils-0.0.1/setup.py'
adding 'fbutils-0.0.1/setup.cfg'
adding 'fbutils-0.0.1/main.py'
adding 'fbutils-0.0.1/quadkey.py'
adding 'fbutils-0.0.1/fbutils.egg-info/PKG-INFO'
adding 'fbutils-0.0.1/fbutils.egg-info/SOURCES.txt'
adding 'fbutils-0.0.1/fbutils.egg-info/requires.txt'
adding 'fbutils-0.0.1/fbutils.egg-info/top_level.txt'
adding 'fbutils-0.0.1/fbutils.egg-info/dependency_links.txt'
removing 'fbutils-0.0.1' (and everything under it)
